<?xml version="1.0" encoding="UTF-8"?>
<!-- Generated by org.testng.reporters.JUnitReportReporter -->
<testsuite hostname="Supreeths-MBP" failures="0" tests="1" name="sampleTest.MultipleWindowsTest" time="5.264" errors="0" timestamp="2022-06-12T22:08:31 EDT" skipped="0">
  <testcase classname="sampleTest.MultipleWindowsTest" name="f" time="5.264"/>
  <system-out/>
</testsuite> <!-- sampleTest.MultipleWindowsTest -->
