<?xml version="1.0" encoding="UTF-8"?>
<!-- Generated by org.testng.reporters.JUnitReportReporter -->
<testsuite hostname="Supreeths-MBP" failures="0" tests="1" name="sampleTest.GoogleSearchTest" time="1.586" errors="0" timestamp="2022-06-12T22:08:31 EDT" skipped="0">
  <testcase classname="sampleTest.GoogleSearchTest" name="f" time="1.586"/>
  <system-out/>
</testsuite> <!-- sampleTest.GoogleSearchTest -->
